<?xml version="1.0" encoding="UTF-8"?>
<!-- Generated by org.testng.reporters.JUnitReportReporter -->
<testsuite hostname="bruce" failures="0" tests="1" name="com.EcommerceV1.testcases.TC_Logo_Tittle_MyshopTest" time="3.981" errors="0" timestamp="2023-08-26T13:46:47 IST" skipped="0">
  <testcase classname="com.EcommerceV1.testcases.TC_Logo_Tittle_MyshopTest" name="SignUp" time="3.981"/>
  <system-out/>
</testsuite> <!-- com.EcommerceV1.testcases.TC_Logo_Tittle_MyshopTest -->
