<?xml version="1.0" encoding="UTF-8"?>
<!-- Generated by org.testng.reporters.JUnitReportReporter -->
<testsuite hostname="bruce" failures="0" tests="1" name="com.EcommerceV1.testcases.TC_AccountCreationTest_003" time="13.942" errors="0" timestamp="2023-08-30T19:04:47 IST" skipped="0">
  <testcase classname="com.EcommerceV1.testcases.TC_AccountCreationTest_003" name="AccCreation" time="13.942"/>
  <system-out/>
</testsuite> <!-- com.EcommerceV1.testcases.TC_AccountCreationTest_003 -->
